a:4:{s:9:"signature";s:40:"e1396dde46831467f97554c0392b84aad3cdaab3";s:7:"echostr";s:20:"14340553008660012510";s:9:"timestamp";s:10:"1503025622";s:5:"nonce";s:9:"932509892";}a:4:{s:9:"signature";s:40:"a642e9f1ef4a0e33452d54504a539344835ea0b2";s:7:"echostr";s:19:"3872950500410220535";s:9:"timestamp";s:10:"1503025649";s:5:"nonce";s:10:"3548326840";}a:4:{s:9:"signature";s:40:"6177c54404e35dd1adcf5b05c4ba684742f84152";s:7:"echostr";s:19:"7892601781434186290";s:9:"timestamp";s:10:"1503025698";s:5:"nonce";s:10:"2478602813";}a:4:{s:9:"signature";s:40:"67417fff77c92b23608cd48324878def4b527c28";s:7:"echostr";s:19:"3691976371150945981";s:9:"timestamp";s:10:"1503025705";s:5:"nonce";s:10:"1028686789";}a:4:{s:9:"signature";s:40:"cd379354cfd32e9628c8a4a9e5a0e0716de39f95";s:7:"echostr";s:19:"7035181787728805821";s:9:"timestamp";s:10:"1503025709";s:5:"nonce";s:8:"71290287";}<xml><ToUserName><![CDATA[gh_f91894e6efcb]]></ToUserName>
<FromUserName><![CDATA[oPs5ouLW3qg7P6CLj-jS7M1XVtSw]]></FromUserName>
<CreateTime>1503026246</CreateTime>
<MsgType><![CDATA[text]]></MsgType>
<Content><![CDATA[测试一下，]]></Content>
<MsgId>6455448572023377649</MsgId>
</xml>

<xml><ToUserName><![CDATA[gh_f91894e6efcb]]></ToUserName>
<FromUserName><![CDATA[oPs5ouF2OY8x9Tzwez-24oAfKQ0U]]></FromUserName>
<CreateTime>1503026255</CreateTime>
<MsgType><![CDATA[text]]></MsgType>
<Content><![CDATA[。]]></Content>
<MsgId>6455448610678083315</MsgId>
</xml>

a:4:{s:9:"signature";s:40:"bb69c93e3322a2fc0dbda491ef70c53effc94b59";s:7:"echostr";s:19:"5465200357675597431";s:9:"timestamp";s:10:"1503026259";s:5:"nonce";s:10:"1071859532";}<xml><ToUserName><![CDATA[gh_f91894e6efcb]]></ToUserName>
<FromUserName><![CDATA[oPs5ouEDYqGOmmkm6mAQoVT4UYUw]]></FromUserName>
<CreateTime>1503026260</CreateTime>
<MsgType><![CDATA[text]]></MsgType>
<Content><![CDATA[wx.log]]></Content>
<MsgId>6455448632152919799</MsgId>
</xml>

<xml><ToUserName><![CDATA[gh_f91894e6efcb]]></ToUserName>
<FromUserName><![CDATA[oPs5ouLW3qg7P6CLj-jS7M1XVtSw]]></FromUserName>
<CreateTime>1503026264</CreateTime>
<MsgType><![CDATA[text]]></MsgType>
<Content><![CDATA[测试一下]]></Content>
<MsgId>6455448649332788987</MsgId>
</xml>

<xml><ToUserName><![CDATA[gh_f91894e6efcb]]></ToUserName>
<FromUserName><![CDATA[oPs5ouLW3qg7P6CLj-jS7M1XVtSw]]></FromUserName>
<CreateTime>1503026280</CreateTime>
<MsgType><![CDATA[text]]></MsgType>
<Content><![CDATA[把]]></Content>
<MsgId>6455448718052265728</MsgId>
</xml>

<xml><ToUserName><![CDATA[gh_f91894e6efcb]]></ToUserName>
<FromUserName><![CDATA[oPs5ouLW3qg7P6CLj-jS7M1XVtSw]]></FromUserName>
<CreateTime>1503026354</CreateTime>
<MsgType><![CDATA[text]]></MsgType>
<Content><![CDATA[Hi]]></Content>
<MsgId>6455449035879845675</MsgId>
</xml>

<xml><ToUserName><![CDATA[gh_f91894e6efcb]]></ToUserName>
<FromUserName><![CDATA[oPs5ouLW3qg7P6CLj-jS7M1XVtSw]]></FromUserName>
<CreateTime>1503026363</CreateTime>
<MsgType><![CDATA[text]]></MsgType>
<Content><![CDATA[你好]]></Content>
<MsgId>6455449074534551345</MsgId>
</xml>

<xml><ToUserName><![CDATA[gh_f91894e6efcb]]></ToUserName>
<FromUserName><![CDATA[oPs5ouF2OY8x9Tzwez-24oAfKQ0U]]></FromUserName>
<CreateTime>1503026363</CreateTime>
<MsgType><![CDATA[text]]></MsgType>
<Content><![CDATA[嗨]]></Content>
<MsgId>6455449074534551346</MsgId>
</xml>

<xml><ToUserName><![CDATA[gh_f91894e6efcb]]></ToUserName>
<FromUserName><![CDATA[oPs5ouC-XlYhpDJf6cOLoROUbu0s]]></FromUserName>
<CreateTime>1503026376</CreateTime>
<MsgType><![CDATA[text]]></MsgType>
<Content><![CDATA[你好]]></Content>
<MsgId>6455449130369126202</MsgId>
</xml>

<xml><ToUserName><![CDATA[gh_f91894e6efcb]]></ToUserName>
<FromUserName><![CDATA[oPs5ouEDYqGOmmkm6mAQoVT4UYUw]]></FromUserName>
<CreateTime>1503026380</CreateTime>
<MsgType><![CDATA[text]]></MsgType>
<Content><![CDATA[你好]]></Content>
<MsgId>6455449147548995391</MsgId>
</xml>

<xml><ToUserName><![CDATA[gh_f91894e6efcb]]></ToUserName>
<FromUserName><![CDATA[oPs5ouEDYqGOmmkm6mAQoVT4UYUw]]></FromUserName>
<CreateTime>1503026385</CreateTime>
<MsgType><![CDATA[text]]></MsgType>
<Content><![CDATA[。。]]></Content>
<MsgId>6455449169023831873</MsgId>
</xml>

<xml><ToUserName><![CDATA[gh_f91894e6efcb]]></ToUserName>
<FromUserName><![CDATA[oPs5ouC-XlYhpDJf6cOLoROUbu0s]]></FromUserName>
<CreateTime>1503026389</CreateTime>
<MsgType><![CDATA[text]]></MsgType>
<Content><![CDATA[你帅吗]]></Content>
<MsgId>6455449186203701061</MsgId>
</xml>

<xml><ToUserName><![CDATA[gh_f91894e6efcb]]></ToUserName>
<FromUserName><![CDATA[oPs5ouGE1ykEKcR1_40HDoGJFwek]]></FromUserName>
<CreateTime>1503026390</CreateTime>
<MsgType><![CDATA[text]]></MsgType>
<Content><![CDATA[黄威]]></Content>
<MsgId>6455449190498668359</MsgId>
</xml>

<xml><ToUserName><![CDATA[gh_f91894e6efcb]]></ToUserName>
<FromUserName><![CDATA[oPs5ouEDYqGOmmkm6mAQoVT4UYUw]]></FromUserName>
<CreateTime>1503026391</CreateTime>
<MsgType><![CDATA[text]]></MsgType>
<Content><![CDATA[，，，]]></Content>
<MsgId>6455449194793635657</MsgId>
</xml>

<xml><ToUserName><![CDATA[gh_f91894e6efcb]]></ToUserName>
<FromUserName><![CDATA[oPs5ouLW3qg7P6CLj-jS7M1XVtSw]]></FromUserName>
<CreateTime>1503026393</CreateTime>
<MsgType><![CDATA[text]]></MsgType>
<Content><![CDATA[晓磊]]></Content>
<MsgId>6455449203383570251</MsgId>
</xml>

<xml><ToUserName><![CDATA[gh_f91894e6efcb]]></ToUserName>
<FromUserName><![CDATA[oPs5ouGE1ykEKcR1_40HDoGJFwek]]></FromUserName>
<CreateTime>1503026408</CreateTime>
<MsgType><![CDATA[text]]></MsgType>
<Content><![CDATA[黄威很帅]]></Content>
<MsgId>6455449267808079698</MsgId>
</xml>

<xml><ToUserName><![CDATA[gh_f91894e6efcb]]></ToUserName>
<FromUserName><![CDATA[oPs5ouKtXZ37LF6OfLyPsAXlFPrA]]></FromUserName>
<CreateTime>1503026409</CreateTime>
<MsgType><![CDATA[text]]></MsgType>
<Content><![CDATA[安琪拉666]]></Content>
<MsgId>6455449272103046997</MsgId>
</xml>

<xml><ToUserName><![CDATA[gh_f91894e6efcb]]></ToUserName>
<FromUserName><![CDATA[oPs5ouC-XlYhpDJf6cOLoROUbu0s]]></FromUserName>
<CreateTime>1503026413</CreateTime>
<MsgType><![CDATA[text]]></MsgType>
<Content><![CDATA[哈哈哈哈哈哈]]></Content>
<MsgId>6455449289282916183</MsgId>
</xml>

<xml><ToUserName><![CDATA[gh_f91894e6efcb]]></ToUserName>
<FromUserName><![CDATA[oPs5ouF2OY8x9Tzwez-24oAfKQ0U]]></FromUserName>
<CreateTime>1503026439</CreateTime>
<MsgType><![CDATA[text]]></MsgType>
<Content><![CDATA[子浩]]></Content>
<MsgId>6455449400952065891</MsgId>
</xml>

<xml><ToUserName><![CDATA[gh_f91894e6efcb]]></ToUserName>
<FromUserName><![CDATA[oPs5ouJaJZZJ-FyTs72x0FR4uTjU]]></FromUserName>
<CreateTime>1503026448</CreateTime>
<MsgType><![CDATA[text]]></MsgType>
<Content><![CDATA[鸡毛]]></Content>
<MsgId>6455449439606771560</MsgId>
</xml>

<xml><ToUserName><![CDATA[gh_f91894e6efcb]]></ToUserName>
<FromUserName><![CDATA[oPs5ouF2OY8x9Tzwez-24oAfKQ0U]]></FromUserName>
<CreateTime>1503026548</CreateTime>
<MsgType><![CDATA[text]]></MsgType>
<Content><![CDATA[你好]]></Content>
<MsgId>6455449869103501218</MsgId>
</xml>

<xml><ToUserName><![CDATA[gh_f91894e6efcb]]></ToUserName>
<FromUserName><![CDATA[oPs5ouF2OY8x9Tzwez-24oAfKQ0U]]></FromUserName>
<CreateTime>1503026558</CreateTime>
<MsgType><![CDATA[text]]></MsgType>
<Content><![CDATA[子浩]]></Content>
<MsgId>6455449912053174186</MsgId>
</xml>







post数据为空8
post数据为空8
post数据为空8
a:4:{s:9:"signature";s:40:"6b3a0e786978cdddfbd354985a751f3df1650f50";s:7:"echostr";s:20:"18041791608392245195";s:9:"timestamp";s:10:"1503108747";s:5:"nonce";s:9:"584958991";}post数据为空8
post数据为空8
